2021-11-26 10:26:00 - root - DEBUG     - <ipython-input-1-708f3cc18408> : 16 line - This is  DEBUG !!
2021-11-26 10:26:00 - root - INFO      - <ipython-input-1-708f3cc18408> : 17 line - This is  INFO !!
2021-11-26 10:26:00 - root - WARNING   - <ipython-input-1-708f3cc18408> : 18 line - This is  WARNING !!
2021-11-26 10:26:00 - root - ERROR     - <ipython-input-1-708f3cc18408> : 19 line - This is  ERROR !!
2021-11-26 10:26:00 - root - CRITICAL  - <ipython-input-1-708f3cc18408> : 20 line - This is  CRITICAL !!
2021-11-26 10:26:00 - root - ERROR     - <ipython-input-1-708f3cc18408> : 29 line - division by zero
Traceback (most recent call last):
  File "<ipython-input-1-708f3cc18408>", line 26, in <module>
    3/0
ZeroDivisionError: division by zero
2021-11-26 14:46:01 - root - DEBUG     - <ipython-input-3-2725cb17145b> : 12 line - This is  DEBUG !!
2021-11-26 14:46:01 - root - INFO      - <ipython-input-3-2725cb17145b> : 13 line - This is  INFO !!
2021-11-26 14:46:01 - root - WARNING   - <ipython-input-3-2725cb17145b> : 14 line - This is  WARNING !!
2021-11-26 14:46:01 - root - ERROR     - <ipython-input-3-2725cb17145b> : 15 line - This is  ERROR !!
2021-11-26 14:46:01 - root - CRITICAL  - <ipython-input-3-2725cb17145b> : 16 line - This is  CRITICAL !!
2021-11-26 14:46:01 - root - ERROR     - <ipython-input-3-2725cb17145b> : 25 line - division by zero
Traceback (most recent call last):
  File "<ipython-input-3-2725cb17145b>", line 22, in <module>
    3/0
ZeroDivisionError: division by zero
2021-11-26 15:00:00 - root - DEBUG     - <ipython-input-4-343496322f1d> : 12 line - This is  DEBUG !!
2021-11-26 15:00:00 - root - INFO      - <ipython-input-4-343496322f1d> : 13 line - This is  INFO !!
2021-11-26 15:00:00 - root - WARNING   - <ipython-input-4-343496322f1d> : 14 line - This is  WARNING !!
2021-11-26 15:00:00 - root - ERROR     - <ipython-input-4-343496322f1d> : 15 line - This is  ERROR !!
2021-11-26 15:00:00 - root - CRITICAL  - <ipython-input-4-343496322f1d> : 16 line - This is  CRITICAL !!
2021-11-26 15:00:00 - root - ERROR     - <ipython-input-4-343496322f1d> : 24 line - division by zero
2021-11-26 15:00:00 - root - ERROR     - <ipython-input-4-343496322f1d> : 25 line - division by zero
Traceback (most recent call last):
  File "<ipython-input-4-343496322f1d>", line 22, in <module>
    3/0
ZeroDivisionError: division by zero
2021-11-26 15:00:02 - root - DEBUG     - <ipython-input-5-343496322f1d> : 12 line - This is  DEBUG !!
2021-11-26 15:00:02 - root - INFO      - <ipython-input-5-343496322f1d> : 13 line - This is  INFO !!
2021-11-26 15:00:02 - root - WARNING   - <ipython-input-5-343496322f1d> : 14 line - This is  WARNING !!
2021-11-26 15:00:02 - root - ERROR     - <ipython-input-5-343496322f1d> : 15 line - This is  ERROR !!
2021-11-26 15:00:02 - root - CRITICAL  - <ipython-input-5-343496322f1d> : 16 line - This is  CRITICAL !!
2021-11-26 15:00:02 - root - ERROR     - <ipython-input-5-343496322f1d> : 24 line - division by zero
2021-11-26 15:00:02 - root - ERROR     - <ipython-input-5-343496322f1d> : 25 line - division by zero
Traceback (most recent call last):
  File "<ipython-input-5-343496322f1d>", line 22, in <module>
    3/0
ZeroDivisionError: division by zero
